2019-03-21 17:05:34,587  - INFO - Click element by xpath: //*[@resource-id='com.tencent.mm:id/bq']/android.widget.LinearLayout[1]/android.widget.RelativeLayout[3] ...
2019-03-21 17:05:35,571  - INFO - slide up the screen ...
2019-03-21 17:05:36,203  - INFO - Click element by xpath: //*[@text='小程序'] ...
2019-03-21 17:05:36,660  - INFO - sleep 3 seconds
2019-03-21 17:05:39,662  - INFO - Tap positions x: 995, y: 169 ...
2019-03-21 17:05:39,781  - INFO - Click element by xpath: //*[@text='搜索小程序'] ...
2019-03-21 17:05:49,266  - INFO - Input element by xpath : //*[@text='搜索小程序'] values 超级湾 ...
2019-03-21 17:05:55,254  - INFO - sleep 3 seconds
2019-03-21 17:05:58,256  - INFO - Tap positions x: 540, y: 334 ...
2019-03-21 17:05:58,408  - INFO - sleep 3 seconds
2019-03-21 17:06:01,410  - INFO - Tap positions x: 540, y: 334 ...
2019-03-21 17:06:01,549  - INFO - sleep 8 seconds
2019-03-21 17:06:11,848  - INFO - Screen shot had been saved: E:/PycharmProjects/wechat_test/screenshots/超级湾/2019-03-21_17/2019-03-21_17-06-09_homepage.png
2019-03-21 17:06:11,848  - INFO - wechat slide up
2019-03-21 17:06:13,999  - INFO - sleep 1 seconds
2019-03-21 17:06:17,287  - INFO - Screen shot had been saved: E:/PycharmProjects/wechat_test/screenshots/超级湾/2019-03-21_17/2019-03-21_17-06-15_homepage.png
2019-03-21 17:06:17,288  - INFO - wechat slide up
2019-03-21 17:06:19,521  - INFO - sleep 1 seconds
2019-03-21 17:06:22,827  - INFO - Screen shot had been saved: E:/PycharmProjects/wechat_test/screenshots/超级湾/2019-03-21_17/2019-03-21_17-06-20_homepage.png
2019-03-21 17:06:22,828  - INFO - wechat slide up
2019-03-21 17:06:24,939  - INFO - sleep 1 seconds
2019-03-21 17:06:27,990  - INFO - Screen shot had been saved: E:/PycharmProjects/wechat_test/screenshots/超级湾/2019-03-21_17/2019-03-21_17-06-25_homepage.png
2019-03-21 17:06:27,990  - INFO - wechat slide up
2019-03-21 17:06:30,136  - INFO - sleep 1 seconds
2019-03-21 17:06:33,252  - INFO - Screen shot had been saved: E:/PycharmProjects/wechat_test/screenshots/超级湾/2019-03-21_17/2019-03-21_17-06-31_homepage.png
2019-03-21 17:06:33,252  - INFO - wechat slide up
2019-03-21 17:06:35,357  - INFO - sleep 1 seconds
2019-03-21 17:06:36,358  - INFO - go to top ...
2019-03-21 17:06:36,358  - INFO - slide down the screen ...
2019-03-21 17:06:36,763  - INFO - sleep 1 seconds
2019-03-21 17:06:37,764  - INFO - slide down the screen ...
2019-03-21 17:06:38,138  - INFO - sleep 1 seconds
2019-03-21 17:06:39,140  - INFO - slide down the screen ...
2019-03-21 17:06:39,516  - INFO - sleep 1 seconds
2019-03-21 17:06:40,517  - INFO - slide down the screen ...
2019-03-21 17:06:40,938  - INFO - sleep 1 seconds
2019-03-21 17:06:41,939  - INFO - slide down the screen ...
2019-03-21 17:06:42,364  - INFO - sleep 1 seconds
2019-03-21 17:06:43,365  - INFO - slide down the screen ...
2019-03-21 17:06:43,710  - INFO - sleep 1 seconds
2019-03-21 17:06:44,710  - INFO - slide down the screen ...
2019-03-21 17:06:45,094  - INFO - sleep 1 seconds
2019-03-21 17:06:48,481  - INFO - Screen shot had been saved: E:/PycharmProjects/wechat_test/screenshots/超级湾/2019-03-21_17/2019-03-21_17-06-46_jiaodiantu_04.png
2019-03-21 17:06:48,484  - INFO - Click element by xpath: //*[@resource-id='资讯']/android.view.View[1] ...
2019-03-21 17:06:49,261  - INFO - sleep 5 seconds
2019-03-21 17:06:56,550  - INFO - Screen shot had been saved: E:/PycharmProjects/wechat_test/screenshots/超级湾/2019-03-21_17/2019-03-21_17-06-54_xuanchuang_0.png
2019-03-21 17:06:56,551  - INFO - slide up the screen ...
2019-03-21 17:06:56,798  - INFO - sleep 2 seconds
2019-03-21 17:06:58,798  - INFO - click the WeChat back button
2019-03-21 17:06:58,798  - INFO - Tap positions x: 50, y: 175 ...
2019-03-21 17:06:58,923  - INFO - sleep 1 seconds
