2019-03-21 16:57:49,107  - INFO - Click element by xpath: //*[@resource-id='com.tencent.mm:id/bq']/android.widget.LinearLayout[1]/android.widget.RelativeLayout[3] ...
2019-03-21 16:57:50,058  - INFO - slide up the screen ...
2019-03-21 16:57:50,892  - INFO - Click element by xpath: //*[@text='小程序'] ...
2019-03-21 16:57:51,388  - INFO - sleep 3 seconds
2019-03-21 16:57:54,389  - INFO - Tap positions x: 995, y: 169 ...
2019-03-21 16:57:54,506  - INFO - Click element by xpath: //*[@text='搜索小程序'] ...
2019-03-21 16:58:04,123  - INFO - Input element by xpath : //*[@text='搜索小程序'] values 长安金茂府 ...
2019-03-21 16:58:10,391  - INFO - sleep 3 seconds
2019-03-21 16:58:13,393  - INFO - Tap positions x: 540, y: 334 ...
2019-03-21 16:58:13,543  - INFO - sleep 3 seconds
2019-03-21 16:58:16,545  - INFO - Tap positions x: 540, y: 334 ...
2019-03-21 16:58:16,677  - INFO - sleep 8 seconds
2019-03-21 16:58:27,187  - INFO - Screen shot had been saved: E:/PycharmProjects/wechat_test/screenshots/长安金茂府/2019-03-21_16/2019-03-21_16-58-24_homepage.png
2019-03-21 16:58:27,187  - INFO - wechat slide up
2019-03-21 16:58:29,281  - INFO - sleep 1 seconds
2019-03-21 16:58:32,474  - INFO - Screen shot had been saved: E:/PycharmProjects/wechat_test/screenshots/长安金茂府/2019-03-21_16/2019-03-21_16-58-30_homepage.png
2019-03-21 16:58:32,474  - INFO - wechat slide up
2019-03-21 16:58:34,594  - INFO - sleep 1 seconds
2019-03-21 16:58:37,864  - INFO - Screen shot had been saved: E:/PycharmProjects/wechat_test/screenshots/长安金茂府/2019-03-21_16/2019-03-21_16-58-35_homepage.png
2019-03-21 16:58:37,864  - INFO - wechat slide up
2019-03-21 16:58:39,997  - INFO - sleep 1 seconds
2019-03-21 16:58:43,307  - INFO - Screen shot had been saved: E:/PycharmProjects/wechat_test/screenshots/长安金茂府/2019-03-21_16/2019-03-21_16-58-40_homepage.png
2019-03-21 16:58:43,307  - INFO - wechat slide up
2019-03-21 16:58:45,429  - INFO - sleep 1 seconds
2019-03-21 16:58:46,430  - INFO - go to top ...
2019-03-21 16:58:46,430  - INFO - slide down the screen ...
2019-03-21 16:58:46,871  - INFO - sleep 1 seconds
2019-03-21 16:58:47,872  - INFO - slide down the screen ...
2019-03-21 16:58:48,233  - INFO - sleep 1 seconds
2019-03-21 16:58:49,234  - INFO - slide down the screen ...
2019-03-21 16:58:49,610  - INFO - sleep 1 seconds
2019-03-21 16:58:50,611  - INFO - slide down the screen ...
2019-03-21 16:58:50,958  - INFO - sleep 1 seconds
2019-03-21 16:58:51,959  - INFO - slide down the screen ...
2019-03-21 16:58:52,284  - INFO - sleep 1 seconds
2019-03-21 16:58:53,298  - INFO - slide right the screen ...
2019-03-21 16:58:53,774  - INFO - slide right the screen ...
2019-03-21 16:58:54,177  - INFO - Click element by id: 焦点图 ...
2019-03-21 16:58:56,806  - INFO - sleep 3 seconds
2019-03-21 16:59:02,253  - INFO - Screen shot had been saved: E:/PycharmProjects/wechat_test/screenshots/长安金茂府/2019-03-21_16/2019-03-21_16-58-59_jiaodiantu1_0.png
2019-03-21 16:59:02,253  - INFO - slide up the screen ...
2019-03-21 16:59:02,498  - INFO - sleep 2 seconds
2019-03-21 16:59:06,428  - INFO - Screen shot had been saved: E:/PycharmProjects/wechat_test/screenshots/长安金茂府/2019-03-21_16/2019-03-21_16-59-04_jiaodiantu1_1.png
2019-03-21 16:59:06,429  - INFO - slide up the screen ...
2019-03-21 16:59:06,702  - INFO - sleep 2 seconds
2019-03-21 16:59:10,441  - INFO - Screen shot had been saved: E:/PycharmProjects/wechat_test/screenshots/长安金茂府/2019-03-21_16/2019-03-21_16-59-08_jiaodiantu1_2.png
2019-03-21 16:59:10,441  - INFO - slide up the screen ...
2019-03-21 16:59:10,694  - INFO - sleep 2 seconds
2019-03-21 16:59:14,457  - INFO - Screen shot had been saved: E:/PycharmProjects/wechat_test/screenshots/长安金茂府/2019-03-21_16/2019-03-21_16-59-12_jiaodiantu1_3.png
2019-03-21 16:59:14,457  - INFO - slide up the screen ...
2019-03-21 16:59:14,724  - INFO - sleep 2 seconds
2019-03-21 16:59:18,562  - INFO - Screen shot had been saved: E:/PycharmProjects/wechat_test/screenshots/长安金茂府/2019-03-21_16/2019-03-21_16-59-16_jiaodiantu1_4.png
2019-03-21 16:59:18,562  - INFO - slide up the screen ...
2019-03-21 16:59:18,832  - INFO - sleep 2 seconds
2019-03-21 16:59:20,832  - INFO - click the WeChat back button
2019-03-21 16:59:20,832  - INFO - Tap positions x: 50, y: 175 ...
2019-03-21 16:59:20,960  - INFO - sleep 1 seconds
2019-03-21 16:59:21,962  - INFO - slide right the screen ...
2019-03-21 16:59:22,420  - INFO - slide right the screen ...
2019-03-21 16:59:22,821  - INFO - slide left the screen ...
2019-03-21 16:59:23,210  - INFO - Click element by id: 焦点图 ...
2019-03-21 16:59:24,685  - INFO - sleep 3 seconds
2019-03-21 16:59:28,906  - INFO - Screen shot had been saved: E:/PycharmProjects/wechat_test/screenshots/长安金茂府/2019-03-21_16/2019-03-21_16-59-27_jiaodiantu2_0.png
2019-03-21 16:59:28,907  - INFO - slide up the screen ...
2019-03-21 16:59:29,139  - INFO - sleep 2 seconds
2019-03-21 16:59:32,407  - INFO - Screen shot had been saved: E:/PycharmProjects/wechat_test/screenshots/长安金茂府/2019-03-21_16/2019-03-21_16-59-31_jiaodiantu2_1.png
2019-03-21 16:59:32,407  - INFO - slide up the screen ...
2019-03-21 16:59:32,659  - INFO - sleep 2 seconds
2019-03-21 16:59:35,910  - INFO - Screen shot had been saved: E:/PycharmProjects/wechat_test/screenshots/长安金茂府/2019-03-21_16/2019-03-21_16-59-34_jiaodiantu2_2.png
2019-03-21 16:59:35,910  - INFO - slide up the screen ...
2019-03-21 16:59:36,165  - INFO - sleep 2 seconds
2019-03-21 16:59:39,371  - INFO - Screen shot had been saved: E:/PycharmProjects/wechat_test/screenshots/长安金茂府/2019-03-21_16/2019-03-21_16-59-38_jiaodiantu2_3.png
2019-03-21 16:59:39,371  - INFO - slide up the screen ...
2019-03-21 16:59:39,620  - INFO - sleep 2 seconds
2019-03-21 16:59:42,928  - INFO - Screen shot had been saved: E:/PycharmProjects/wechat_test/screenshots/长安金茂府/2019-03-21_16/2019-03-21_16-59-41_jiaodiantu2_4.png
2019-03-21 16:59:42,928  - INFO - slide up the screen ...
2019-03-21 16:59:43,168  - INFO - sleep 2 seconds
2019-03-21 16:59:46,445  - INFO - Screen shot had been saved: E:/PycharmProjects/wechat_test/screenshots/长安金茂府/2019-03-21_16/2019-03-21_16-59-45_jiaodiantu2_5.png
2019-03-21 16:59:46,445  - INFO - slide up the screen ...
2019-03-21 16:59:46,753  - INFO - sleep 2 seconds
2019-03-21 16:59:50,013  - INFO - Screen shot had been saved: E:/PycharmProjects/wechat_test/screenshots/长安金茂府/2019-03-21_16/2019-03-21_16-59-48_jiaodiantu2_6.png
2019-03-21 16:59:50,014  - INFO - slide up the screen ...
2019-03-21 16:59:50,263  - INFO - sleep 2 seconds
2019-03-21 16:59:52,264  - INFO - click the WeChat back button
2019-03-21 16:59:52,264  - INFO - Tap positions x: 50, y: 175 ...
2019-03-21 16:59:52,394  - INFO - sleep 1 seconds
2019-03-21 16:59:53,397  - INFO - slide left the screen ...
2019-03-21 16:59:53,854  - INFO - slide left the screen ...
2019-03-21 16:59:54,243  - INFO - Click element by id: 焦点图 ...
2019-03-21 16:59:55,833  - INFO - sleep 3 seconds
2019-03-21 17:00:00,323  - INFO - Screen shot had been saved: E:/PycharmProjects/wechat_test/screenshots/长安金茂府/2019-03-21_16/2019-03-21_16-59-58_jiaodiantu3_0.png
2019-03-21 17:00:00,323  - INFO - slide up the screen ...
2019-03-21 17:00:00,577  - INFO - sleep 2 seconds
2019-03-21 17:00:04,277  - INFO - Screen shot had been saved: E:/PycharmProjects/wechat_test/screenshots/长安金茂府/2019-03-21_16/2019-03-21_17-00-02_jiaodiantu3_1.png
2019-03-21 17:00:04,277  - INFO - slide up the screen ...
2019-03-21 17:00:04,507  - INFO - sleep 2 seconds
2019-03-21 17:00:08,569  - INFO - Screen shot had been saved: E:/PycharmProjects/wechat_test/screenshots/长安金茂府/2019-03-21_16/2019-03-21_17-00-06_jiaodiantu3_2.png
2019-03-21 17:00:08,569  - INFO - slide up the screen ...
2019-03-21 17:00:08,788  - INFO - sleep 2 seconds
2019-03-21 17:00:12,651  - INFO - Screen shot had been saved: E:/PycharmProjects/wechat_test/screenshots/长安金茂府/2019-03-21_16/2019-03-21_17-00-10_jiaodiantu3_3.png
2019-03-21 17:00:12,651  - INFO - slide up the screen ...
2019-03-21 17:00:12,883  - INFO - sleep 2 seconds
2019-03-21 17:00:16,841  - INFO - Screen shot had been saved: E:/PycharmProjects/wechat_test/screenshots/长安金茂府/2019-03-21_16/2019-03-21_17-00-14_jiaodiantu3_4.png
2019-03-21 17:00:16,842  - INFO - slide up the screen ...
2019-03-21 17:00:17,071  - INFO - sleep 2 seconds
2019-03-21 17:00:20,365  - INFO - Screen shot had been saved: E:/PycharmProjects/wechat_test/screenshots/长安金茂府/2019-03-21_16/2019-03-21_17-00-19_jiaodiantu3_5.png
2019-03-21 17:00:20,365  - INFO - slide up the screen ...
2019-03-21 17:00:20,596  - INFO - sleep 2 seconds
2019-03-21 17:00:23,867  - INFO - Screen shot had been saved: E:/PycharmProjects/wechat_test/screenshots/长安金茂府/2019-03-21_16/2019-03-21_17-00-22_jiaodiantu3_6.png
2019-03-21 17:00:23,867  - INFO - slide up the screen ...
2019-03-21 17:00:24,134  - INFO - sleep 2 seconds
2019-03-21 17:00:27,404  - INFO - Screen shot had been saved: E:/PycharmProjects/wechat_test/screenshots/长安金茂府/2019-03-21_16/2019-03-21_17-00-26_jiaodiantu3_7.png
2019-03-21 17:00:27,404  - INFO - slide up the screen ...
2019-03-21 17:00:27,689  - INFO - sleep 2 seconds
2019-03-21 17:00:29,690  - INFO - click the WeChat back button
2019-03-21 17:00:29,690  - INFO - Tap positions x: 50, y: 175 ...
2019-03-21 17:00:29,817  - INFO - sleep 1 seconds
2019-03-21 17:00:30,823  - INFO - Click element by xpath: //*[@resource-id='动态资讯']/android.view.View[1] ...
2019-03-21 17:00:31,795  - INFO - sleep 3 seconds
2019-03-21 17:00:36,495  - INFO - Screen shot had been saved: E:/PycharmProjects/wechat_test/screenshots/长安金茂府/2019-03-21_16/2019-03-21_17-00-34_zixun_0.png
2019-03-21 17:00:36,495  - INFO - slide up the screen ...
2019-03-21 17:00:36,752  - INFO - sleep 2 seconds
2019-03-21 17:00:40,482  - INFO - Screen shot had been saved: E:/PycharmProjects/wechat_test/screenshots/长安金茂府/2019-03-21_16/2019-03-21_17-00-38_zixun_1.png
2019-03-21 17:00:40,482  - INFO - slide up the screen ...
2019-03-21 17:00:40,728  - INFO - sleep 2 seconds
2019-03-21 17:00:44,724  - INFO - Screen shot had been saved: E:/PycharmProjects/wechat_test/screenshots/长安金茂府/2019-03-21_16/2019-03-21_17-00-42_zixun_2.png
2019-03-21 17:00:44,724  - INFO - slide up the screen ...
2019-03-21 17:00:44,947  - INFO - sleep 2 seconds
2019-03-21 17:00:48,585  - INFO - Screen shot had been saved: E:/PycharmProjects/wechat_test/screenshots/长安金茂府/2019-03-21_16/2019-03-21_17-00-46_zixun_3.png
2019-03-21 17:00:48,585  - INFO - slide up the screen ...
2019-03-21 17:00:48,836  - INFO - sleep 2 seconds
2019-03-21 17:00:52,193  - INFO - Screen shot had been saved: E:/PycharmProjects/wechat_test/screenshots/长安金茂府/2019-03-21_16/2019-03-21_17-00-50_zixun_4.png
2019-03-21 17:00:52,193  - INFO - slide up the screen ...
2019-03-21 17:00:52,416  - INFO - sleep 2 seconds
2019-03-21 17:00:54,417  - INFO - click the WeChat back button
2019-03-21 17:00:54,417  - INFO - Tap positions x: 50, y: 175 ...
2019-03-21 17:00:54,542  - INFO - sleep 1 seconds
2019-03-21 17:00:55,545  - INFO - Click element by xpath: //*[@resource-id='生活美学']/android.view.View[1] ...
2019-03-21 17:00:56,709  - INFO - sleep 3 seconds
2019-03-21 17:01:01,033  - INFO - Screen shot had been saved: E:/PycharmProjects/wechat_test/screenshots/长安金茂府/2019-03-21_16/2019-03-21_17-00-59_shenghuomeixue_0.png
2019-03-21 17:01:01,033  - INFO - slide up the screen ...
2019-03-21 17:01:01,259  - INFO - sleep 2 seconds
2019-03-21 17:01:04,781  - INFO - Screen shot had been saved: E:/PycharmProjects/wechat_test/screenshots/长安金茂府/2019-03-21_16/2019-03-21_17-01-03_shenghuomeixue_1.png
2019-03-21 17:01:04,781  - INFO - slide up the screen ...
2019-03-21 17:01:05,058  - INFO - sleep 2 seconds
2019-03-21 17:01:08,561  - INFO - Screen shot had been saved: E:/PycharmProjects/wechat_test/screenshots/长安金茂府/2019-03-21_16/2019-03-21_17-01-07_shenghuomeixue_2.png
2019-03-21 17:01:08,561  - INFO - slide up the screen ...
2019-03-21 17:01:08,847  - INFO - sleep 2 seconds
2019-03-21 17:01:10,848  - INFO - click the WeChat back button
2019-03-21 17:01:10,848  - INFO - Tap positions x: 50, y: 175 ...
2019-03-21 17:01:10,979  - INFO - sleep 1 seconds
2019-03-21 17:01:11,983  - INFO - wechat slide up
2019-03-21 17:01:14,083  - INFO - Click element by xpath: //*[@resource-id='项目介绍']/android.view.View[1]/android.view.View[3] ...
2019-03-21 17:01:15,009  - INFO - sleep 3 seconds
2019-03-21 17:01:20,571  - INFO - Screen shot had been saved: E:/PycharmProjects/wechat_test/screenshots/长安金茂府/2019-03-21_16/2019-03-21_17-01-18_huxingleibiao.png
2019-03-21 17:01:20,571  - INFO - Click element by xpath: //*[@text='可滚动']/android.view.View[1]/android.view.View[1]/android.view.View[1] ...
2019-03-21 17:01:30,927  - ERROR - Can not find element: //*[@text='可滚动']/android.view.View[1]/android.view.View[1]/android.view.View[1]
2019-03-21 17:01:30,927  - ERROR - The element is unclickable: 'NoneType' object has no attribute 'click'
2019-03-21 17:01:30,927  - INFO - sleep 3 seconds
2019-03-21 17:01:36,447  - INFO - Screen shot had been saved: E:/PycharmProjects/wechat_test/screenshots/长安金茂府/2019-03-21_16/2019-03-21_17-01-33_huxing_01_0.png
2019-03-21 17:01:36,447  - INFO - slide up the screen ...
2019-03-21 17:01:36,706  - INFO - sleep 2 seconds
2019-03-21 17:01:41,196  - INFO - Screen shot had been saved: E:/PycharmProjects/wechat_test/screenshots/长安金茂府/2019-03-21_16/2019-03-21_17-01-38_huxing_01_1.png
2019-03-21 17:01:41,196  - INFO - slide up the screen ...
2019-03-21 17:01:41,484  - INFO - sleep 2 seconds
2019-03-21 17:01:45,934  - INFO - Screen shot had been saved: E:/PycharmProjects/wechat_test/screenshots/长安金茂府/2019-03-21_16/2019-03-21_17-01-43_huxing_01_2.png
2019-03-21 17:01:45,935  - INFO - slide up the screen ...
2019-03-21 17:01:46,172  - INFO - sleep 2 seconds
2019-03-21 17:01:48,173  - INFO - Click element by xpath: //*[@text='A2户型-146㎡'] ...
2019-03-21 17:01:59,078  - ERROR - Can not find element: //*[@text='A2户型-146㎡']
2019-03-21 17:01:59,078  - ERROR - The element is unclickable: 'NoneType' object has no attribute 'click'
2019-03-21 17:01:59,078  - INFO - sleep 1 seconds
2019-03-21 17:02:02,571  - INFO - Screen shot had been saved: E:/PycharmProjects/wechat_test/screenshots/长安金茂府/2019-03-21_16/2019-03-21_17-02-00_huxing_02.png
2019-03-21 17:02:02,571  - INFO - click the WeChat back button
2019-03-21 17:02:02,571  - INFO - Tap positions x: 50, y: 175 ...
2019-03-21 17:02:02,712  - INFO - sleep 1 seconds
2019-03-21 17:02:03,712  - INFO - click the WeChat back button
2019-03-21 17:02:03,712  - INFO - Tap positions x: 50, y: 175 ...
2019-03-21 17:02:03,838  - INFO - sleep 1 seconds
2019-03-21 17:02:04,842  - INFO - Click element by xpath: //*[@resource-id='项目介绍']/android.view.View[1]/android.view.View[2] ...
2019-03-21 17:02:05,858  - INFO - sleep 3 seconds
2019-03-21 17:02:10,975  - INFO - Screen shot had been saved: E:/PycharmProjects/wechat_test/screenshots/长安金茂府/2019-03-21_16/2019-03-21_17-02-08_xiangmutedian_0.png
2019-03-21 17:02:10,975  - INFO - slide up the screen ...
2019-03-21 17:02:11,247  - INFO - sleep 2 seconds
2019-03-21 17:02:14,714  - INFO - Screen shot had been saved: E:/PycharmProjects/wechat_test/screenshots/长安金茂府/2019-03-21_16/2019-03-21_17-02-13_xiangmutedian_1.png
2019-03-21 17:02:14,714  - INFO - slide up the screen ...
2019-03-21 17:02:14,949  - INFO - sleep 2 seconds
2019-03-21 17:02:18,276  - INFO - Screen shot had been saved: E:/PycharmProjects/wechat_test/screenshots/长安金茂府/2019-03-21_16/2019-03-21_17-02-16_xiangmutedian_2.png
2019-03-21 17:02:18,276  - INFO - slide up the screen ...
2019-03-21 17:02:18,526  - INFO - sleep 2 seconds
2019-03-21 17:02:20,526  - INFO - click the WeChat back button
2019-03-21 17:02:20,526  - INFO - Tap positions x: 50, y: 175 ...
2019-03-21 17:02:20,653  - INFO - sleep 1 seconds
2019-03-21 17:02:21,656  - INFO - Click element by xpath: //*[@resource-id='项目介绍']/android.view.View[1]/android.view.View[4] ...
2019-03-21 17:02:23,517  - INFO - sleep 3 seconds
2019-03-21 17:02:27,555  - INFO - Screen shot had been saved: E:/PycharmProjects/wechat_test/screenshots/长安金茂府/2019-03-21_16/2019-03-21_17-02-26_zhoubianpeitao_0.png
2019-03-21 17:02:27,555  - INFO - slide up the screen ...
2019-03-21 17:02:27,808  - INFO - sleep 2 seconds
2019-03-21 17:02:32,064  - INFO - Screen shot had been saved: E:/PycharmProjects/wechat_test/screenshots/长安金茂府/2019-03-21_16/2019-03-21_17-02-29_zhoubianpeitao_1.png
2019-03-21 17:02:32,064  - INFO - slide up the screen ...
2019-03-21 17:02:32,303  - INFO - sleep 2 seconds
2019-03-21 17:02:36,233  - INFO - Screen shot had been saved: E:/PycharmProjects/wechat_test/screenshots/长安金茂府/2019-03-21_16/2019-03-21_17-02-34_zhoubianpeitao_2.png
2019-03-21 17:02:36,233  - INFO - slide up the screen ...
2019-03-21 17:02:36,455  - INFO - sleep 2 seconds
2019-03-21 17:02:38,456  - INFO - click the WeChat back button
2019-03-21 17:02:38,456  - INFO - Tap positions x: 50, y: 175 ...
2019-03-21 17:02:38,584  - INFO - sleep 1 seconds
2019-03-21 17:02:39,587  - INFO - Click element by xpath: //*[@resource-id='示范区漫游']/android.view.View[1] ...
2019-03-21 17:02:41,332  - INFO - sleep 8 seconds
2019-03-21 17:02:52,699  - INFO - Screen shot had been saved: E:/PycharmProjects/wechat_test/screenshots/长安金茂府/2019-03-21_16/2019-03-21_17-02-49_shifanqumanyou_01.png
2019-03-21 17:02:52,699  - INFO - slide left the screen ...
2019-03-21 17:02:55,833  - INFO - Screen shot had been saved: E:/PycharmProjects/wechat_test/screenshots/长安金茂府/2019-03-21_16/2019-03-21_17-02-52_shifanqumanyou_02.png
2019-03-21 17:02:55,833  - INFO - sleep 1 seconds
2019-03-21 17:02:56,834  - INFO - slide right the screen ...
2019-03-21 17:03:00,244  - INFO - Screen shot had been saved: E:/PycharmProjects/wechat_test/screenshots/长安金茂府/2019-03-21_16/2019-03-21_17-02-57_shifanqumanyou_03.png
2019-03-21 17:03:00,245  - INFO - sleep 1 seconds
2019-03-21 17:03:01,245  - INFO - slide up the screen ...
2019-03-21 17:03:04,672  - INFO - Screen shot had been saved: E:/PycharmProjects/wechat_test/screenshots/长安金茂府/2019-03-21_16/2019-03-21_17-03-01_shifanqumanyou_04.png
2019-03-21 17:03:04,672  - INFO - sleep 1 seconds
2019-03-21 17:03:05,674  - INFO - slide down the screen ...
2019-03-21 17:03:08,792  - INFO - Screen shot had been saved: E:/PycharmProjects/wechat_test/screenshots/长安金茂府/2019-03-21_16/2019-03-21_17-03-05_shifanqumanyou_05.png
2019-03-21 17:03:08,792  - INFO - sleep 1 seconds
2019-03-21 17:03:09,792  - INFO - click the WeChat back button
2019-03-21 17:03:09,792  - INFO - Tap positions x: 50, y: 175 ...
2019-03-21 17:03:09,921  - INFO - sleep 1 seconds
2019-03-21 17:03:10,923  - INFO - wechat slide up
2019-03-21 17:03:13,052  - INFO - Click element by xpath: //*[@resource-id='精彩图片']/android.view.View[1]/android.view.View[3] ...
2019-03-21 17:03:15,762  - INFO - sleep 3 seconds
2019-03-21 17:03:20,269  - INFO - Screen shot had been saved: E:/PycharmProjects/wechat_test/screenshots/长安金茂府/2019-03-21_16/2019-03-21_17-03-18_shijingtu_01.png
2019-03-21 17:03:20,269  - INFO - slide left the screen ...
2019-03-21 17:03:20,556  - INFO - slide left the screen ...
2019-03-21 17:03:20,785  - INFO - slide left the screen ...
2019-03-21 17:03:22,458  - INFO - Screen shot had been saved: E:/PycharmProjects/wechat_test/screenshots/长安金茂府/2019-03-21_16/2019-03-21_17-03-20_shijingtu_02.png
2019-03-21 17:03:22,459  - INFO - click the WeChat back button
2019-03-21 17:03:22,459  - INFO - Tap positions x: 50, y: 175 ...
2019-03-21 17:03:22,580  - INFO - sleep 1 seconds
2019-03-21 17:03:23,583  - INFO - Click element by xpath: //*[@resource-id='精彩图片']/android.view.View[1]/android.view.View[2] ...
2019-03-21 17:03:24,510  - INFO - sleep 3 seconds
2019-03-21 17:03:28,931  - INFO - Screen shot had been saved: E:/PycharmProjects/wechat_test/screenshots/长安金茂府/2019-03-21_16/2019-03-21_17-03-27_yangbanjiantu_01.png
2019-03-21 17:03:28,932  - INFO - slide left the screen ...
2019-03-21 17:03:29,213  - INFO - slide left the screen ...
2019-03-21 17:03:29,440  - INFO - slide left the screen ...
2019-03-21 17:03:31,240  - INFO - Screen shot had been saved: E:/PycharmProjects/wechat_test/screenshots/长安金茂府/2019-03-21_16/2019-03-21_17-03-29_yangbanjiantu_02.png
2019-03-21 17:03:31,240  - INFO - click the WeChat back button
2019-03-21 17:03:31,240  - INFO - Tap positions x: 50, y: 175 ...
2019-03-21 17:03:31,367  - INFO - sleep 1 seconds
2019-03-21 17:03:32,369  - INFO - Click element by xpath: //*[@resource-id='精彩图片']/android.view.View[1]/android.view.View[4] ...
2019-03-21 17:03:33,135  - INFO - sleep 3 seconds
2019-03-21 17:03:37,775  - INFO - Screen shot had been saved: E:/PycharmProjects/wechat_test/screenshots/长安金茂府/2019-03-21_16/2019-03-21_17-03-36_xiaoguotu_01.png
2019-03-21 17:03:37,775  - INFO - slide left the screen ...
2019-03-21 17:03:38,030  - INFO - slide left the screen ...
2019-03-21 17:03:38,256  - INFO - slide left the screen ...
2019-03-21 17:03:40,452  - INFO - Screen shot had been saved: E:/PycharmProjects/wechat_test/screenshots/长安金茂府/2019-03-21_16/2019-03-21_17-03-38_xiaoguotu_02.png
2019-03-21 17:03:40,452  - INFO - click the WeChat back button
2019-03-21 17:03:40,452  - INFO - Tap positions x: 50, y: 175 ...
2019-03-21 17:03:40,575  - INFO - sleep 1 seconds
2019-03-21 17:03:41,584  - INFO - Click element by xpath: //*[@resource-id='精彩图片']/android.view.View[1]/android.view.View[4] ...
2019-03-21 17:03:42,286  - INFO - sleep 3 seconds
2019-03-21 17:03:46,939  - INFO - Screen shot had been saved: E:/PycharmProjects/wechat_test/screenshots/长安金茂府/2019-03-21_16/2019-03-21_17-03-45_xiangce_01.png
2019-03-21 17:03:46,939  - INFO - Click element by xpath: //*[@text='可移动']/android.view.View[2] ...
2019-03-21 17:03:47,792  - INFO - sleep 2 seconds
2019-03-21 17:03:51,296  - INFO - Screen shot had been saved: E:/PycharmProjects/wechat_test/screenshots/长安金茂府/2019-03-21_16/2019-03-21_17-03-49_xiangce_02.png
2019-03-21 17:03:51,296  - INFO - Click element by xpath: //*[@text='项目实景图'] ...
2019-03-21 17:04:01,685  - ERROR - Can not find element: //*[@text='项目实景图']
2019-03-21 17:04:01,685  - ERROR - The element is unclickable: 'NoneType' object has no attribute 'click'
2019-03-21 17:04:01,685  - INFO - sleep 2 seconds
2019-03-21 17:04:05,239  - INFO - Screen shot had been saved: E:/PycharmProjects/wechat_test/screenshots/长安金茂府/2019-03-21_16/2019-03-21_17-04-03_xiangce_03.png
2019-03-21 17:04:05,239  - INFO - click the WeChat back button
2019-03-21 17:04:05,239  - INFO - Tap positions x: 50, y: 175 ...
2019-03-21 17:04:05,375  - INFO - sleep 1 seconds
2019-03-21 17:04:06,378  - INFO - wechat slide up
2019-03-21 17:04:08,491  - INFO - Click element by xpath: //*[@resource-id='府系科技']/android.view.View[1] ...
2019-03-21 17:04:09,366  - INFO - sleep 3 seconds
2019-03-21 17:04:14,201  - INFO - Screen shot had been saved: E:/PycharmProjects/wechat_test/screenshots/长安金茂府/2019-03-21_16/2019-03-21_17-04-12_fuxikeji_0.png
2019-03-21 17:04:14,201  - INFO - slide up the screen ...
2019-03-21 17:04:14,452  - INFO - sleep 2 seconds
2019-03-21 17:04:18,504  - INFO - Screen shot had been saved: E:/PycharmProjects/wechat_test/screenshots/长安金茂府/2019-03-21_16/2019-03-21_17-04-16_fuxikeji_1.png
2019-03-21 17:04:18,504  - INFO - slide up the screen ...
2019-03-21 17:04:18,740  - INFO - sleep 2 seconds
2019-03-21 17:04:22,755  - INFO - Screen shot had been saved: E:/PycharmProjects/wechat_test/screenshots/长安金茂府/2019-03-21_16/2019-03-21_17-04-20_fuxikeji_2.png
2019-03-21 17:04:22,755  - INFO - slide up the screen ...
2019-03-21 17:04:22,977  - INFO - sleep 2 seconds
2019-03-21 17:04:26,778  - INFO - Screen shot had been saved: E:/PycharmProjects/wechat_test/screenshots/长安金茂府/2019-03-21_16/2019-03-21_17-04-24_fuxikeji_3.png
2019-03-21 17:04:26,778  - INFO - slide up the screen ...
2019-03-21 17:04:27,025  - INFO - sleep 2 seconds
2019-03-21 17:04:30,725  - INFO - Screen shot had been saved: E:/PycharmProjects/wechat_test/screenshots/长安金茂府/2019-03-21_16/2019-03-21_17-04-29_fuxikeji_4.png
2019-03-21 17:04:30,725  - INFO - slide up the screen ...
2019-03-21 17:04:30,976  - INFO - sleep 2 seconds
2019-03-21 17:04:32,978  - INFO - click the WeChat back button
2019-03-21 17:04:32,978  - INFO - Tap positions x: 50, y: 175 ...
2019-03-21 17:04:33,102  - INFO - sleep 1 seconds
2019-03-21 17:04:34,106  - INFO - Click element by xpath: //*[@resource-id='人物访谈']/android.view.View[1] ...
2019-03-21 17:04:36,082  - INFO - sleep 3 seconds
2019-03-21 17:04:41,101  - INFO - Screen shot had been saved: E:/PycharmProjects/wechat_test/screenshots/长安金茂府/2019-03-21_16/2019-03-21_17-04-39_renwufangtan_0.png
2019-03-21 17:04:41,101  - INFO - slide up the screen ...
2019-03-21 17:04:41,336  - INFO - sleep 2 seconds
2019-03-21 17:04:45,280  - INFO - Screen shot had been saved: E:/PycharmProjects/wechat_test/screenshots/长安金茂府/2019-03-21_16/2019-03-21_17-04-43_renwufangtan_1.png
2019-03-21 17:04:45,280  - INFO - slide up the screen ...
2019-03-21 17:04:45,518  - INFO - sleep 2 seconds
2019-03-21 17:04:47,519  - INFO - click the WeChat back button
2019-03-21 17:04:47,519  - INFO - Tap positions x: 50, y: 175 ...
2019-03-21 17:04:47,643  - INFO - sleep 1 seconds
2019-03-21 17:04:48,648  - INFO - Click element by xpath: //*[@text='我要分享'] ...
2019-03-21 17:04:49,766  - INFO - sleep 2 seconds
2019-03-21 17:04:51,767  - INFO - Click element by xpath: //*[@resource-id='com.tencent.mm:id/i9']/android.widget.RelativeLayout[2] ...
2019-03-21 17:04:52,189  - INFO - sleep 2 seconds
2019-03-21 17:04:55,448  - INFO - Screen shot had been saved: E:/PycharmProjects/wechat_test/screenshots/长安金茂府/2019-03-21_16/2019-03-21_17-04-54_woyaofenxiang.png
2019-03-21 17:04:55,448  - INFO - Click element by id: com.tencent.mm:id/az9 ...
2019-03-21 17:04:56,154  - INFO - sleep 2 seconds
2019-03-21 17:04:58,156  - INFO - Click element by xpath: //*[@text='生成分享卡片'] ...
2019-03-21 17:04:58,835  - INFO - sleep 1 seconds
2019-03-21 17:04:59,836  - INFO - Tap positions x: 250, y: 1986 ...
2019-03-21 17:05:00,169  - INFO - sleep 5 seconds
2019-03-21 17:05:06,722  - INFO - Screen shot had been saved: E:/PycharmProjects/wechat_test/screenshots/长安金茂府/2019-03-21_16/2019-03-21_17-05-05_shengchengfenxiangkapian.png
2019-03-21 17:05:06,722  - INFO - click the WeChat back button
2019-03-21 17:05:06,722  - INFO - Tap positions x: 50, y: 175 ...
2019-03-21 17:05:06,849  - INFO - sleep 1 seconds
2019-03-21 17:05:07,852  - INFO - Click element by xpath: //*[@text='我分享的好友'] ...
2019-03-21 17:05:09,811  - INFO - sleep 2 seconds
2019-03-21 17:05:13,284  - INFO - Screen shot had been saved: E:/PycharmProjects/wechat_test/screenshots/长安金茂府/2019-03-21_16/2019-03-21_17-05-11_wofenxiangdehaoyou.png
2019-03-21 17:05:13,284  - INFO - click the WeChat back button
2019-03-21 17:05:13,285  - INFO - Tap positions x: 50, y: 175 ...
2019-03-21 17:05:13,417  - INFO - sleep 1 seconds
2019-03-21 17:05:14,420  - INFO - Click element by id: IM ...
2019-03-21 17:05:16,142  - INFO - sleep 3 seconds
2019-03-21 17:05:20,413  - INFO - Screen shot had been saved: E:/PycharmProjects/wechat_test/screenshots/长安金茂府/2019-03-21_16/2019-03-21_17-05-19_im.png
2019-03-21 17:05:20,413  - INFO - click the back button ...
2019-03-21 17:05:21,392  - INFO - sleep 1 seconds
2019-03-21 17:05:34,587  - INFO - Click element by xpath: //*[@resource-id='com.tencent.mm:id/bq']/android.widget.LinearLayout[1]/android.widget.RelativeLayout[3] ...
2019-03-21 17:05:35,571  - INFO - slide up the screen ...
2019-03-21 17:05:36,203  - INFO - Click element by xpath: //*[@text='小程序'] ...
2019-03-21 17:05:36,660  - INFO - sleep 3 seconds
2019-03-21 17:05:39,662  - INFO - Tap positions x: 995, y: 169 ...
2019-03-21 17:05:39,781  - INFO - Click element by xpath: //*[@text='搜索小程序'] ...
2019-03-21 17:05:49,266  - INFO - Input element by xpath : //*[@text='搜索小程序'] values 超级湾 ...
2019-03-21 17:05:55,254  - INFO - sleep 3 seconds
2019-03-21 17:05:58,256  - INFO - Tap positions x: 540, y: 334 ...
2019-03-21 17:05:58,408  - INFO - sleep 3 seconds
2019-03-21 17:06:01,410  - INFO - Tap positions x: 540, y: 334 ...
2019-03-21 17:06:01,549  - INFO - sleep 8 seconds
2019-03-21 17:06:11,848  - INFO - Screen shot had been saved: E:/PycharmProjects/wechat_test/screenshots/超级湾/2019-03-21_17/2019-03-21_17-06-09_homepage.png
2019-03-21 17:06:11,848  - INFO - wechat slide up
2019-03-21 17:06:13,999  - INFO - sleep 1 seconds
2019-03-21 17:06:17,287  - INFO - Screen shot had been saved: E:/PycharmProjects/wechat_test/screenshots/超级湾/2019-03-21_17/2019-03-21_17-06-15_homepage.png
2019-03-21 17:06:17,288  - INFO - wechat slide up
2019-03-21 17:06:19,521  - INFO - sleep 1 seconds
2019-03-21 17:06:22,827  - INFO - Screen shot had been saved: E:/PycharmProjects/wechat_test/screenshots/超级湾/2019-03-21_17/2019-03-21_17-06-20_homepage.png
2019-03-21 17:06:22,828  - INFO - wechat slide up
2019-03-21 17:06:24,939  - INFO - sleep 1 seconds
2019-03-21 17:06:27,990  - INFO - Screen shot had been saved: E:/PycharmProjects/wechat_test/screenshots/超级湾/2019-03-21_17/2019-03-21_17-06-25_homepage.png
2019-03-21 17:06:27,990  - INFO - wechat slide up
2019-03-21 17:06:30,136  - INFO - sleep 1 seconds
2019-03-21 17:06:33,252  - INFO - Screen shot had been saved: E:/PycharmProjects/wechat_test/screenshots/超级湾/2019-03-21_17/2019-03-21_17-06-31_homepage.png
2019-03-21 17:06:33,252  - INFO - wechat slide up
2019-03-21 17:06:35,357  - INFO - sleep 1 seconds
2019-03-21 17:06:36,358  - INFO - go to top ...
2019-03-21 17:06:36,358  - INFO - slide down the screen ...
2019-03-21 17:06:36,763  - INFO - sleep 1 seconds
2019-03-21 17:06:37,764  - INFO - slide down the screen ...
2019-03-21 17:06:38,138  - INFO - sleep 1 seconds
2019-03-21 17:06:39,140  - INFO - slide down the screen ...
